8 [140508834056128] INFO perfrun.launcher <> - Launcher main begin
8 [140508834056128] INFO perfrun.launcher <> - MessageCatalogInit finished
8 [140508834056128] INFO perfrun.launcher <> - Launcher instance created
8 [140508834056128] INFO perfrun.launcher <> - argc = 6; cmdline = /opt/intel/oneapi/advisor/2023.2.0/bin64/advixe-runss -dump-vdso -r /home/stud/S5475768/Desktop/hpc-project/report/advisor/mandelbrot/e000/hs000 --tmp-dir /tmp/advixe-tmp-S5475768 
31 [140508834056128] INFO perfrun.launcher <> - create msngr2::ICliToolContext
31 [140508834056128] INFO perfrun.launcher <> - create file finder object
32 [140508686968576] INFO perfrun.launcher <> - plugin [remoteplug] was disabled because it doesn't support the given collection type.
32 [140508686968576] INFO perfrun.launcher <> - plugin [system] was disabled because it doesn't support the given collection type.
32 [140508686968576] INFO perfrun.vdso <> - dumping [vdso] pseudomodule
35 [140508686968576] INFO perfrun.launcher <> - plugin [itt] was disabled because it doesn't support the given collection type.
35 [140508686968576] INFO perfrun.launcher <> - plugin [] was disabled because it doesn't support the given collection type.
35 [140508686968576] INFO perfrun.launcher <> - plugin [gpu] was disabled because it doesn't support the given collection type.
35 [140508686968576] INFO perfrun.launcher <> - plugin [] was disabled because it doesn't support the given collection type.
35 [140508686968576] INFO perfrun.launcher <> - plugin [] was disabled because it doesn't support the given collection type.
35 [140508686968576] INFO perfrun.launcher <> - plugin [] was disabled because it doesn't support the given collection type.
35 [140508686968576] INFO perfrun.launcher <> - plugin [mrte] was disabled because it doesn't support the given collection type.
35 [140508686968576] INFO perfrun.launcher <> - plugin [] was disabled because it doesn't support the given collection type.
35 [140508686968576] INFO perfrun.launcher <> - plugin [] was disabled because it doesn't support the given collection type.
35 [140508686968576] INFO perfrun.launcher <> - plugin [] was disabled because it doesn't support the given collection type.
35 [140508686968576] INFO perfrun.launcher <> - plugin [] was disabled because it doesn't support the given collection type.
35 [140508686968576] INFO perfrun.launcher <> - plugin [] was disabled because it doesn't support the given collection type.
35 [140508686968576] INFO perfrun.launcher <> - plugin [] was disabled because it doesn't support the given collection type.
35 [140508686968576] INFO perfrun.launcher <> - plugin [] was disabled because it doesn't support the given collection type.
35 [140508686968576] INFO perfrun.launcher <> - plugin [tpss] was disabled because it doesn't support the given collection type.
35 [140508686968576] INFO perfrun.launcher <> - plugin [] was disabled because it doesn't support the given collection type.
35 [140508686968576] INFO perfrun.launcher <> - plugin [] was disabled because it doesn't support the given collection type.
35 [140508686968576] INFO perfrun.launcher <> - plugin [] was disabled because it doesn't support the given collection type.
35 [140508686968576] INFO perfrun.launcher <> - plugin [] was disabled because it doesn't support the given collection type.
35 [140508686968576] INFO perfrun.launcher <> - plugin [] was disabled because it doesn't support the given collection type.
35 [140508686968576] INFO perfrun.launcher <> - plugin [] was disabled because it doesn't support the given collection type.
35 [140508686968576] INFO perfrun.launcher <> - plugin [] was disabled because it doesn't support the given collection type.
35 [140508686968576] INFO perfrun.launcher <> - plugin [] was disabled because it doesn't support the given collection type.
35 [140508686968576] INFO perfrun.launcher <> - plugin [] was disabled because it doesn't support the given collection type.
35 [140508834056128] INFO perfrun.launcher <> - Application exit code: 0
35 [140508834056128] INFO perfrun.launcher <> - Exit code: 0
